# JRE version: OpenJDK Runtime Environment (11.0.11+9) (build 11.0.11+9-b60-7590822)
# Java VM: OpenJDK 64-Bit Server VM (11.0.11+9-b60-7590822, mixed mode, tiered, compressed oops, g1 gc, windows-amd64)
Heap:
 garbage-first heap   total 928768K, used 272896K [0x0000000080000000, 0x0000000100000000)
  region size 1024K, 4 young (4096K), 4 survivors (4096K)
 Metaspace       used 132630K, capacity 135971K, committed 136156K, reserved 1167360K
  class space    used 16254K, capacity 17499K, committed 17536K, reserved 1048576K
GC Heap History (20 events):
Event: 262.762 GC heap after
{Heap after GC invocations=90 (full 0):
 garbage-first heap   total 547840K, used 449294K [0x0000000080000000, 0x0000000100000000)
  region size 1024K, 5 young (5120K), 5 survivors (5120K)
 Metaspace       used 132280K, capacity 135632K, committed 135900K, reserved 1167360K
  class space    used 16254K, capacity 17499K, committed 17536K, reserved 1048576K
}
Event: 262.874 GC heap before
{Heap before GC invocations=90 (full 0):
 garbage-first heap   total 547840K, used 480014K [0x0000000080000000, 0x0000000100000000)
  region size 1024K, 35 young (35840K), 5 survivors (5120K)
 Metaspace       used 132296K, capacity 135632K, committed 135900K, reserved 1167360K
  class space    used 16254K, capacity 17499K, committed 17536K, reserved 1048576K
}
Event: 262.877 GC heap after
{Heap after GC invocations=91 (full 0):
 garbage-first heap   total 547840K, used 448644K [0x0000000080000000, 0x0000000100000000)
  region size 1024K, 1 young (1024K), 1 survivors (1024K)
 Metaspace       used 132296K, capacity 135632K, committed 135900K, reserved 1167360K
  class space    used 16254K, capacity 17499K, committed 17536K, reserved 1048576K
}
Event: 263.186 GC heap before
{Heap before GC invocations=91 (full 0):
 garbage-first heap   total 547840K, used 479364K [0x0000000080000000, 0x0000000100000000)
  region size 1024K, 32 young (32768K), 1 survivors (1024K)
 Metaspace       used 132442K, capacity 135776K, committed 135900K, reserved 1167360K
  class space    used 16255K, capacity 17502K, committed 17536K, reserved 1048576K
}
Event: 263.189 GC heap after
{Heap after GC invocations=92 (full 0):
 garbage-first heap   total 547840K, used 448502K [0x0000000080000000, 0x0000000100000000)
  region size 1024K, 1 young (1024K), 1 survivors (1024K)
 Metaspace       used 132442K, capacity 135776K, committed 135900K, reserved 1167360K
  class space    used 16255K, capacity 17502K, committed 17536K, reserved 1048576K
}
Event: 263.466 GC heap before
{Heap before GC invocations=92 (full 0):
 garbage-first heap   total 547840K, used 481270K [0x0000000080000000, 0x0000000100000000)
  region size 1024K, 33 young (33792K), 1 survivors (1024K)
 Metaspace       used 132593K, capacity 135922K, committed 136156K, reserved 1167360K
  class space    used 16257K, capacity 17505K, committed 17536K, reserved 1048576K
}
Event: 263.474 GC heap after
{Heap after GC invocations=93 (full 0):
 garbage-first heap   total 547840K, used 451947K [0x0000000080000000, 0x0000000100000000)
  region size 1024K, 5 young (5120K), 5 survivors (5120K)
 Metaspace       used 132593K, capacity 135922K, committed 136156K, reserved 1167360K
  class space    used 16257K, capacity 17505K, committed 17536K, reserved 1048576K
}
Event: 263.664 GC heap before
{Heap before GC invocations=93 (full 0):
 garbage-first heap   total 547840K, used 478571K [0x0000000080000000, 0x0000000100000000)
  region size 1024K, 22 young (22528K), 5 survivors (5120K)
 Metaspace       used 132616K, capacity 135989K, committed 136156K, reserved 1167360K
  class space    used 16257K, capacity 17506K, committed 17536K, reserved 1048576K
}
Event: 263.672 GC heap after
{Heap after GC invocations=94 (full 0):
 garbage-first heap   total 547840K, used 467641K [0x0000000080000000, 0x0000000100000000)
  region size 1024K, 5 young (5120K), 5 survivors (5120K)
 Metaspace       used 132616K, capacity 135989K, committed 136156K, reserved 1167360K
  class space    used 16257K, capacity 17506K, committed 17536K, reserved 1048576K
}
Event: 263.804 GC heap before
{Heap before GC invocations=94 (full 0):
 garbage-first heap   total 547840K, used 519865K [0x0000000080000000, 0x0000000100000000)
  region size 1024K, 26 young (26624K), 5 survivors (5120K)
 Metaspace       used 132624K, capacity 135989K, committed 136156K, reserved 1167360K
  class space    used 16257K, capacity 17506K, committed 17536K, reserved 1048576K
}
Event: 263.810 GC heap after
{Heap after GC invocations=95 (full 0):
 garbage-first heap   total 547840K, used 495172K [0x0000000080000000, 0x0000000100000000)
  region size 1024K, 4 young (4096K), 4 survivors (4096K)
 Metaspace       used 132624K, capacity 135989K, committed 136156K, reserved 1167360K
  class space    used 16257K, capacity 17506K, committed 17536K, reserved 1048576K
}
Event: 263.909 GC heap before
{Heap before GC invocations=95 (full 0):
 garbage-first heap   total 547840K, used 518724K [0x0000000080000000, 0x0000000100000000)
  region size 1024K, 26 young (26624K), 4 survivors (4096K)
 Metaspace       used 132626K, capacity 135989K, committed 136156K, reserved 1167360K
  class space    used 16257K, capacity 17506K, committed 17536K, reserved 1048576K
}
Event: 263.928 GC heap after
{Heap after GC invocations=96 (full 0):
 garbage-first heap   total 547840K, used 505364K [0x0000000080000000, 0x0000000100000000)
  region size 1024K, 4 young (4096K), 4 survivors (4096K)
 Metaspace       used 132626K, capacity 135989K, committed 136156K, reserved 1167360K
  class space    used 16257K, capacity 17506K, committed 17536K, reserved 1048576K
}
Event: 264.016 GC heap before
{Heap before GC invocations=96 (full 0):
 garbage-first heap   total 547840K, used 326164K [0x0000000080000000, 0x0000000100000000)
  region size 1024K, 26 young (26624K), 4 survivors (4096K)
 Metaspace       used 132614K, capacity 135971K, committed 136156K, reserved 1167360K
  class space    used 16254K, capacity 17499K, committed 17536K, reserved 1048576K
}
Event: 264.036 GC heap after
{Heap after GC invocations=97 (full 0):
 garbage-first heap   total 547840K, used 314313K [0x0000000080000000, 0x0000000100000000)
  region size 1024K, 4 young (4096K), 4 survivors (4096K)
 Metaspace       used 132614K, capacity 135971K, committed 136156K, reserved 1167360K
  class space    used 16254K, capacity 17499K, committed 17536K, reserved 1048576K
}
Event: 264.318 GC heap before
{Heap before GC invocations=98 (full 0):
 garbage-first heap   total 547840K, used 409545K [0x0000000080000000, 0x0000000100000000)
  region size 1024K, 97 young (99328K), 4 survivors (4096K)
 Metaspace       used 132628K, capacity 135971K, committed 136156K, reserved 1167360K
  class space    used 16254K, capacity 17499K, committed 17536K, reserved 1048576K
}
Event: 264.380 GC heap after
{Heap after GC invocations=99 (full 0):
 garbage-first heap   total 547840K, used 362496K [0x0000000080000000, 0x0000000100000000)
  region size 1024K, 13 young (13312K), 13 survivors (13312K)
 Metaspace       used 132628K, capacity 135971K, committed 136156K, reserved 1167360K
  class space    used 16254K, capacity 17499K, committed 17536K, reserved 1048576K
}
Event: 264.413 GC heap before
{Heap before GC invocations=99 (full 0):
 garbage-first heap   total 547840K, used 375808K [0x0000000080000000, 0x0000000100000000)
  region size 1024K, 26 young (26624K), 13 survivors (13312K)
 Metaspace       used 132629K, capacity 135971K, committed 136156K, reserved 1167360K
  class space    used 16254K, capacity 17499K, committed 17536K, reserved 1048576K
}
Event: 264.453 GC heap after
{Heap after GC invocations=100 (full 0):
 garbage-first heap   total 547840K, used 315392K [0x0000000080000000, 0x0000000100000000)
  region size 1024K, 4 young (4096K), 4 survivors (4096K)
 Metaspace       used 132629K, capacity 135971K, committed 136156K, reserved 1167360K
  class space    used 16254K, capacity 17499K, committed 17536K, reserved 1048576K
}
Event: 264.489 GC heap before
{Heap before GC invocations=100 (full 0):
 garbage-first heap   total 547840K, used 337920K [0x0000000080000000, 0x0000000100000000)
  region size 1024K, 26 young (26624K), 4 survivors (4096K)
 Metaspace       used 132630K, capacity 135971K, committed 136156K, reserved 1167360K
  class space    used 16254K, capacity 17499K, committed 17536K, reserved 1048576K
}

