# JRE version: OpenJDK Runtime Environment (11.0.11+9) (build 11.0.11+9-b60-7590822)
# Java VM: OpenJDK 64-Bit Server VM (11.0.11+9-b60-7590822, mixed mode, tiered, compressed oops, g1 gc, windows-amd64)
Heap:
 garbage-first heap   total 501760K, used 349104K [0x0000000080000000, 0x0000000100000000)
  region size 1024K, 143 young (146432K), 11 survivors (11264K)
 Metaspace       used 125731K, capacity 129177K, committed 129408K, reserved 1161216K
  class space    used 16148K, capacity 17496K, committed 17536K, reserved 1048576K
GC Heap History (20 events):
Event: 14.757 GC heap before
{Heap before GC invocations=38 (full 0):
 garbage-first heap   total 435200K, used 302979K [0x0000000080000000, 0x0000000100000000)
  region size 1024K, 69 young (70656K), 4 survivors (4096K)
 Metaspace       used 103579K, capacity 106093K, committed 106368K, reserved 1140736K
  class space    used 13465K, capacity 14412K, committed 14464K, reserved 1048576K
}
Event: 14.770 GC heap after
{Heap after GC invocations=39 (full 0):
 garbage-first heap   total 435200K, used 242930K [0x0000000080000000, 0x0000000100000000)
  region size 1024K, 10 young (10240K), 10 survivors (10240K)
 Metaspace       used 103579K, capacity 106093K, committed 106368K, reserved 1140736K
  class space    used 13465K, capacity 14412K, committed 14464K, reserved 1048576K
}
Event: 15.484 GC heap before
{Heap before GC invocations=40 (full 0):
 garbage-first heap   total 435200K, used 320754K [0x0000000080000000, 0x0000000100000000)
  region size 1024K, 72 young (73728K), 10 survivors (10240K)
 Metaspace       used 104596K, capacity 107046K, committed 107264K, reserved 1142784K
  class space    used 13567K, capacity 14525K, committed 14592K, reserved 1048576K
}
Event: 15.499 GC heap after
{Heap after GC invocations=41 (full 0):
 garbage-first heap   total 435200K, used 255537K [0x0000000080000000, 0x0000000100000000)
  region size 1024K, 9 young (9216K), 9 survivors (9216K)
 Metaspace       used 104596K, capacity 107046K, committed 107264K, reserved 1142784K
  class space    used 13567K, capacity 14525K, committed 14592K, reserved 1048576K
}
Event: 15.925 GC heap before
{Heap before GC invocations=41 (full 0):
 garbage-first heap   total 435200K, used 342577K [0x0000000080000000, 0x0000000100000000)
  region size 1024K, 85 young (87040K), 9 survivors (9216K)
 Metaspace       used 104929K, capacity 107464K, committed 107520K, reserved 1142784K
  class space    used 13593K, capacity 14557K, committed 14592K, reserved 1048576K
}
Event: 15.940 GC heap after
{Heap after GC invocations=42 (full 0):
 garbage-first heap   total 435200K, used 272192K [0x0000000080000000, 0x0000000100000000)
  region size 1024K, 11 young (11264K), 11 survivors (11264K)
 Metaspace       used 104929K, capacity 107464K, committed 107520K, reserved 1142784K
  class space    used 13593K, capacity 14557K, committed 14592K, reserved 1048576K
}
Event: 16.150 GC heap before
{Heap before GC invocations=43 (full 0):
 garbage-first heap   total 435200K, used 359232K [0x0000000080000000, 0x0000000100000000)
  region size 1024K, 82 young (83968K), 11 survivors (11264K)
 Metaspace       used 104960K, capacity 107464K, committed 107520K, reserved 1142784K
  class space    used 13595K, capacity 14557K, committed 14592K, reserved 1048576K
}
Event: 16.167 GC heap after
{Heap after GC invocations=44 (full 0):
 garbage-first heap   total 435200K, used 295638K [0x0000000080000000, 0x0000000100000000)
  region size 1024K, 10 young (10240K), 10 survivors (10240K)
 Metaspace       used 104960K, capacity 107464K, committed 107520K, reserved 1142784K
  class space    used 13595K, capacity 14557K, committed 14592K, reserved 1048576K
}
Event: 16.313 GC heap before
{Heap before GC invocations=44 (full 0):
 garbage-first heap   total 435200K, used 305878K [0x0000000080000000, 0x0000000100000000)
  region size 1024K, 21 young (21504K), 10 survivors (10240K)
 Metaspace       used 105293K, capacity 107859K, committed 108160K, reserved 1142784K
  class space    used 13650K, capacity 14624K, committed 14720K, reserved 1048576K
}
Event: 16.334 GC heap after
{Heap after GC invocations=45 (full 0):
 garbage-first heap   total 501760K, used 286457K [0x0000000080000000, 0x0000000100000000)
  region size 1024K, 2 young (2048K), 2 survivors (2048K)
 Metaspace       used 105293K, capacity 107859K, committed 108160K, reserved 1142784K
  class space    used 13650K, capacity 14624K, committed 14720K, reserved 1048576K
}
Event: 37.859 GC heap before
{Heap before GC invocations=45 (full 0):
 garbage-first heap   total 501760K, used 379641K [0x0000000080000000, 0x0000000100000000)
  region size 1024K, 94 young (96256K), 2 survivors (2048K)
 Metaspace       used 110247K, capacity 113074K, committed 113280K, reserved 1146880K
  class space    used 14305K, capacity 15405K, committed 15488K, reserved 1048576K
}
Event: 37.882 GC heap after
{Heap after GC invocations=46 (full 0):
 garbage-first heap   total 501760K, used 290153K [0x0000000080000000, 0x0000000100000000)
  region size 1024K, 5 young (5120K), 5 survivors (5120K)
 Metaspace       used 110247K, capacity 113074K, committed 113280K, reserved 1146880K
  class space    used 14305K, capacity 15405K, committed 15488K, reserved 1048576K
}
Event: 39.149 GC heap before
{Heap before GC invocations=47 (full 0):
 garbage-first heap   total 501760K, used 339305K [0x0000000080000000, 0x0000000100000000)
  region size 1024K, 102 young (104448K), 5 survivors (5120K)
 Metaspace       used 112933K, capacity 115852K, committed 115968K, reserved 1148928K
  class space    used 14629K, capacity 15774K, committed 15872K, reserved 1048576K
}
Event: 39.156 GC heap after
{Heap after GC invocations=48 (full 0):
 garbage-first heap   total 501760K, used 241836K [0x0000000080000000, 0x0000000100000000)
  region size 1024K, 6 young (6144K), 6 survivors (6144K)
 Metaspace       used 112933K, capacity 115852K, committed 115968K, reserved 1148928K
  class space    used 14629K, capacity 15774K, committed 15872K, reserved 1048576K
}
Event: 39.361 GC heap before
{Heap before GC invocations=48 (full 0):
 garbage-first heap   total 501760K, used 261292K [0x0000000080000000, 0x0000000100000000)
  region size 1024K, 24 young (24576K), 6 survivors (6144K)
 Metaspace       used 116709K, capacity 119761K, committed 120064K, reserved 1153024K
  class space    used 15122K, capacity 16271K, committed 16384K, reserved 1048576K
}
Event: 39.402 GC heap after
{Heap after GC invocations=49 (full 0):
 garbage-first heap   total 501760K, used 203587K [0x0000000080000000, 0x0000000100000000)
  region size 1024K, 3 young (3072K), 3 survivors (3072K)
 Metaspace       used 116709K, capacity 119761K, committed 120064K, reserved 1153024K
  class space    used 15122K, capacity 16271K, committed 16384K, reserved 1048576K
}
Event: 39.930 GC heap before
{Heap before GC invocations=49 (full 0):
 garbage-first heap   total 501760K, used 225091K [0x0000000080000000, 0x0000000100000000)
  region size 1024K, 24 young (24576K), 3 survivors (3072K)
 Metaspace       used 117965K, capacity 121062K, committed 121216K, reserved 1155072K
  class space    used 15261K, capacity 16428K, committed 16512K, reserved 1048576K
}
Event: 39.949 GC heap after
{Heap after GC invocations=50 (full 0):
 garbage-first heap   total 501760K, used 204288K [0x0000000080000000, 0x0000000100000000)
  region size 1024K, 3 young (3072K), 3 survivors (3072K)
 Metaspace       used 117965K, capacity 121062K, committed 121216K, reserved 1155072K
  class space    used 15261K, capacity 16428K, committed 16512K, reserved 1048576K
}
Event: 40.913 GC heap before
{Heap before GC invocations=50 (full 0):
 garbage-first heap   total 501760K, used 332288K [0x0000000080000000, 0x0000000100000000)
  region size 1024K, 129 young (132096K), 3 survivors (3072K)
 Metaspace       used 119592K, capacity 122755K, committed 123008K, reserved 1155072K
  class space    used 15435K, capacity 16648K, committed 16768K, reserved 1048576K
}
Event: 40.924 GC heap after
{Heap after GC invocations=51 (full 0):
 garbage-first heap   total 501760K, used 211888K [0x0000000080000000, 0x0000000100000000)
  region size 1024K, 11 young (11264K), 11 survivors (11264K)
 Metaspace       used 119592K, capacity 122755K, committed 123008K, reserved 1155072K
  class space    used 15435K, capacity 16648K, committed 16768K, reserved 1048576K
}

