# JRE version: OpenJDK Runtime Environment (11.0.11+9) (build 11.0.11+9-b60-7590822)
# Java VM: OpenJDK 64-Bit Server VM (11.0.11+9-b60-7590822, mixed mode, tiered, compressed oops, g1 gc, windows-amd64)
Heap:
 garbage-first heap   total 215040K, used 111078K [0x0000000080000000, 0x0000000100000000)
  region size 1024K, 57 young (58368K), 10 survivors (10240K)
 Metaspace       used 74514K, capacity 76017K, committed 76068K, reserved 1116160K
  class space    used 9556K, capacity 10129K, committed 10152K, reserved 1048576K
GC Heap History (20 events):
Event: 2.082 GC heap before
{Heap before GC invocations=3 (full 0):
 garbage-first heap   total 131072K, used 55637K [0x0000000080000000, 0x0000000100000000)
  region size 1024K, 45 young (46080K), 5 survivors (5120K)
 Metaspace       used 19381K, capacity 19886K, committed 19968K, reserved 1067008K
  class space    used 2367K, capacity 2548K, committed 2560K, reserved 1048576K
}
Event: 2.088 GC heap after
{Heap after GC invocations=4 (full 0):
 garbage-first heap   total 131072K, used 16930K [0x0000000080000000, 0x0000000100000000)
  region size 1024K, 6 young (6144K), 6 survivors (6144K)
 Metaspace       used 19381K, capacity 19886K, committed 19968K, reserved 1067008K
  class space    used 2367K, capacity 2548K, committed 2560K, reserved 1048576K
}
Event: 2.256 GC heap before
{Heap before GC invocations=4 (full 0):
 garbage-first heap   total 131072K, used 26146K [0x0000000080000000, 0x0000000100000000)
  region size 1024K, 16 young (16384K), 6 survivors (6144K)
 Metaspace       used 20652K, capacity 21116K, committed 21296K, reserved 1069056K
  class space    used 2532K, capacity 2660K, committed 2688K, reserved 1048576K
}
Event: 2.260 GC heap after
{Heap after GC invocations=5 (full 0):
 garbage-first heap   total 131072K, used 17482K [0x0000000080000000, 0x0000000100000000)
  region size 1024K, 4 young (4096K), 4 survivors (4096K)
 Metaspace       used 20652K, capacity 21116K, committed 21296K, reserved 1069056K
  class space    used 2532K, capacity 2660K, committed 2688K, reserved 1048576K
}
Event: 3.065 GC heap before
{Heap before GC invocations=6 (full 0):
 garbage-first heap   total 131072K, used 66634K [0x0000000080000000, 0x0000000100000000)
  region size 1024K, 52 young (53248K), 4 survivors (4096K)
 Metaspace       used 25760K, capacity 26409K, committed 26544K, reserved 1073152K
  class space    used 3360K, capacity 3580K, committed 3584K, reserved 1048576K
}
Event: 3.075 GC heap after
{Heap after GC invocations=7 (full 0):
 garbage-first heap   total 179200K, used 18968K [0x0000000080000000, 0x0000000100000000)
  region size 1024K, 5 young (5120K), 5 survivors (5120K)
 Metaspace       used 25760K, capacity 26409K, committed 26544K, reserved 1073152K
  class space    used 3360K, capacity 3580K, committed 3584K, reserved 1048576K
}
Event: 4.087 GC heap before
{Heap before GC invocations=7 (full 0):
 garbage-first heap   total 179200K, used 80408K [0x0000000080000000, 0x0000000100000000)
  region size 1024K, 66 young (67584K), 5 survivors (5120K)
 Metaspace       used 34882K, capacity 35659K, committed 35708K, reserved 1081344K
  class space    used 4538K, capacity 4861K, committed 4864K, reserved 1048576K
}
Event: 4.097 GC heap after
{Heap after GC invocations=8 (full 0):
 garbage-first heap   total 179200K, used 22845K [0x0000000080000000, 0x0000000100000000)
  region size 1024K, 9 young (9216K), 9 survivors (9216K)
 Metaspace       used 34882K, capacity 35659K, committed 35708K, reserved 1081344K
  class space    used 4538K, capacity 4861K, committed 4864K, reserved 1048576K
}
Event: 4.920 GC heap before
{Heap before GC invocations=9 (full 0):
 garbage-first heap   total 179200K, used 102717K [0x0000000080000000, 0x0000000100000000)
  region size 1024K, 85 young (87040K), 9 survivors (9216K)
 Metaspace       used 41074K, capacity 42029K, committed 42184K, reserved 1085440K
  class space    used 5277K, capacity 5648K, committed 5708K, reserved 1048576K
}
Event: 4.930 GC heap after
{Heap after GC invocations=10 (full 0):
 garbage-first heap   total 179200K, used 28661K [0x0000000080000000, 0x0000000100000000)
  region size 1024K, 11 young (11264K), 11 survivors (11264K)
 Metaspace       used 41074K, capacity 42029K, committed 42184K, reserved 1085440K
  class space    used 5277K, capacity 5648K, committed 5708K, reserved 1048576K
}
Event: 6.845 GC heap before
{Heap before GC invocations=10 (full 0):
 garbage-first heap   total 179200K, used 120821K [0x0000000080000000, 0x0000000100000000)
  region size 1024K, 101 young (103424K), 11 survivors (11264K)
 Metaspace       used 47754K, capacity 48850K, committed 48968K, reserved 1091584K
  class space    used 6088K, capacity 6532K, committed 6604K, reserved 1048576K
}
Event: 6.860 GC heap after
{Heap after GC invocations=11 (full 0):
 garbage-first heap   total 179200K, used 32976K [0x0000000080000000, 0x0000000100000000)
  region size 1024K, 10 young (10240K), 10 survivors (10240K)
 Metaspace       used 47754K, capacity 48850K, committed 48968K, reserved 1091584K
  class space    used 6088K, capacity 6532K, committed 6604K, reserved 1048576K
}
Event: 8.007 GC heap before
{Heap before GC invocations=11 (full 0):
 garbage-first heap   total 179200K, used 135376K [0x0000000080000000, 0x0000000100000000)
  region size 1024K, 102 young (104448K), 10 survivors (10240K)
 Metaspace       used 57755K, capacity 59114K, committed 59336K, reserved 1101824K
  class space    used 7244K, capacity 7716K, committed 7756K, reserved 1048576K
}
Event: 8.021 GC heap after
{Heap after GC invocations=12 (full 0):
 garbage-first heap   total 215040K, used 52444K [0x0000000080000000, 0x0000000100000000)
  region size 1024K, 13 young (13312K), 13 survivors (13312K)
 Metaspace       used 57755K, capacity 59114K, committed 59336K, reserved 1101824K
  class space    used 7244K, capacity 7716K, committed 7756K, reserved 1048576K
}
Event: 8.125 GC heap before
{Heap before GC invocations=12 (full 0):
 garbage-first heap   total 215040K, used 61660K [0x0000000080000000, 0x0000000100000000)
  region size 1024K, 23 young (23552K), 13 survivors (13312K)
 Metaspace       used 58621K, capacity 59949K, committed 60068K, reserved 1101824K
  class space    used 7392K, capacity 7906K, committed 7976K, reserved 1048576K
}
Event: 8.136 GC heap after
{Heap after GC invocations=13 (full 0):
 garbage-first heap   total 215040K, used 55194K [0x0000000080000000, 0x0000000100000000)
  region size 1024K, 2 young (2048K), 2 survivors (2048K)
 Metaspace       used 58621K, capacity 59949K, committed 60068K, reserved 1101824K
  class space    used 7392K, capacity 7906K, committed 7976K, reserved 1048576K
}
Event: 9.339 GC heap before
{Heap before GC invocations=14 (full 0):
 garbage-first heap   total 215040K, used 122778K [0x0000000080000000, 0x0000000100000000)
  region size 1024K, 68 young (69632K), 2 survivors (2048K)
 Metaspace       used 65891K, capacity 67346K, committed 67620K, reserved 1107968K
  class space    used 8299K, capacity 8844K, committed 8872K, reserved 1048576K
}
Event: 9.346 GC heap after
{Heap after GC invocations=15 (full 0):
 garbage-first heap   total 215040K, used 58852K [0x0000000080000000, 0x0000000100000000)
  region size 1024K, 6 young (6144K), 6 survivors (6144K)
 Metaspace       used 65891K, capacity 67346K, committed 67620K, reserved 1107968K
  class space    used 8299K, capacity 8844K, committed 8872K, reserved 1048576K
}
Event: 10.052 GC heap before
{Heap before GC invocations=16 (full 0):
 garbage-first heap   total 215040K, used 130532K [0x0000000080000000, 0x0000000100000000)
  region size 1024K, 76 young (77824K), 6 survivors (6144K)
 Metaspace       used 69324K, capacity 70847K, committed 71204K, reserved 1112064K
  class space    used 8703K, capacity 9262K, committed 9384K, reserved 1048576K
}
Event: 10.061 GC heap after
{Heap after GC invocations=17 (full 0):
 garbage-first heap   total 215040K, used 63974K [0x0000000080000000, 0x0000000100000000)
  region size 1024K, 10 young (10240K), 10 survivors (10240K)
 Metaspace       used 69324K, capacity 70847K, committed 71204K, reserved 1112064K
  class space    used 8703K, capacity 9262K, committed 9384K, reserved 1048576K
}

