# JRE version: OpenJDK Runtime Environment (11.0.11+9) (build 11.0.11+9-b60-7590822)
# Java VM: OpenJDK 64-Bit Server VM (11.0.11+9-b60-7590822, mixed mode, tiered, compressed oops, g1 gc, windows-amd64)
Heap:
 garbage-first heap   total 281600K, used 179954K [0x0000000080000000, 0x0000000100000000)
  region size 1024K, 2 young (2048K), 2 survivors (2048K)
 Metaspace       used 144512K, capacity 148734K, committed 150564K, reserved 1179648K
  class space    used 18354K, capacity 19888K, committed 20392K, reserved 1048576K
GC Heap History (20 events):
Event: 7026.643 GC heap after
{Heap after GC invocations=80 (full 0):
 garbage-first heap   total 227328K, used 196440K [0x0000000080000000, 0x0000000100000000)
  region size 1024K, 2 young (2048K), 2 survivors (2048K)
 Metaspace       used 142906K, capacity 147027K, committed 149284K, reserved 1177600K
  class space    used 18227K, capacity 19749K, committed 20392K, reserved 1048576K
}
Event: 7026.712 GC heap before
{Heap before GC invocations=80 (full 0):
 garbage-first heap   total 227328K, used 204632K [0x0000000080000000, 0x0000000100000000)
  region size 1024K, 11 young (11264K), 2 survivors (2048K)
 Metaspace       used 142917K, capacity 147091K, committed 149284K, reserved 1177600K
  class space    used 18227K, capacity 19749K, committed 20392K, reserved 1048576K
}
Event: 7026.721 GC heap after
{Heap after GC invocations=81 (full 0):
 garbage-first heap   total 227328K, used 175735K [0x0000000080000000, 0x0000000100000000)
  region size 1024K, 2 young (2048K), 2 survivors (2048K)
 Metaspace       used 142917K, capacity 147091K, committed 149284K, reserved 1177600K
  class space    used 18227K, capacity 19749K, committed 20392K, reserved 1048576K
}
Event: 7026.825 GC heap before
{Heap before GC invocations=81 (full 0):
 garbage-first heap   total 227328K, used 184951K [0x0000000080000000, 0x0000000100000000)
  region size 1024K, 11 young (11264K), 2 survivors (2048K)
 Metaspace       used 142954K, capacity 147123K, committed 149284K, reserved 1177600K
  class space    used 18232K, capacity 19781K, committed 20392K, reserved 1048576K
}
Event: 7026.841 GC heap after
{Heap after GC invocations=82 (full 0):
 garbage-first heap   total 227328K, used 161683K [0x0000000080000000, 0x0000000100000000)
  region size 1024K, 1 young (1024K), 1 survivors (1024K)
 Metaspace       used 142954K, capacity 147123K, committed 149284K, reserved 1177600K
  class space    used 18232K, capacity 19781K, committed 20392K, reserved 1048576K
}
Event: 7026.959 GC heap before
{Heap before GC invocations=82 (full 0):
 garbage-first heap   total 227328K, used 170899K [0x0000000080000000, 0x0000000100000000)
  region size 1024K, 11 young (11264K), 1 survivors (1024K)
 Metaspace       used 143088K, capacity 147266K, committed 149284K, reserved 1177600K
  class space    used 18245K, capacity 19784K, committed 20392K, reserved 1048576K
}
Event: 7026.983 GC heap after
{Heap after GC invocations=83 (full 0):
 garbage-first heap   total 227328K, used 152859K [0x0000000080000000, 0x0000000100000000)
  region size 1024K, 1 young (1024K), 1 survivors (1024K)
 Metaspace       used 143088K, capacity 147266K, committed 149284K, reserved 1177600K
  class space    used 18245K, capacity 19784K, committed 20392K, reserved 1048576K
}
Event: 7027.182 GC heap before
{Heap before GC invocations=83 (full 0):
 garbage-first heap   total 227328K, used 163099K [0x0000000080000000, 0x0000000100000000)
  region size 1024K, 11 young (11264K), 1 survivors (1024K)
 Metaspace       used 143844K, capacity 147995K, committed 149796K, reserved 1179648K
  class space    used 18332K, capacity 19855K, committed 20392K, reserved 1048576K
}
Event: 7027.189 GC heap after
{Heap after GC invocations=84 (full 0):
 garbage-first heap   total 227328K, used 154470K [0x0000000080000000, 0x0000000100000000)
  region size 1024K, 2 young (2048K), 2 survivors (2048K)
 Metaspace       used 143844K, capacity 147995K, committed 149796K, reserved 1179648K
  class space    used 18332K, capacity 19855K, committed 20392K, reserved 1048576K
}
Event: 7027.473 GC heap before
{Heap before GC invocations=84 (full 0):
 garbage-first heap   total 227328K, used 176998K [0x0000000080000000, 0x0000000100000000)
  region size 1024K, 25 young (25600K), 2 survivors (2048K)
 Metaspace       used 144004K, capacity 148187K, committed 150052K, reserved 1179648K
  class space    used 18332K, capacity 19855K, committed 20392K, reserved 1048576K
}
Event: 7027.480 GC heap after
{Heap after GC invocations=85 (full 0):
 garbage-first heap   total 227328K, used 160254K [0x0000000080000000, 0x0000000100000000)
  region size 1024K, 4 young (4096K), 4 survivors (4096K)
 Metaspace       used 144004K, capacity 148187K, committed 150052K, reserved 1179648K
  class space    used 18332K, capacity 19855K, committed 20392K, reserved 1048576K
}
Event: 7027.668 GC heap before
{Heap before GC invocations=85 (full 0):
 garbage-first heap   total 227328K, used 183806K [0x0000000080000000, 0x0000000100000000)
  region size 1024K, 25 young (25600K), 4 survivors (4096K)
 Metaspace       used 144058K, capacity 148251K, committed 150052K, reserved 1179648K
  class space    used 18332K, capacity 19855K, committed 20392K, reserved 1048576K
}
Event: 7027.684 GC heap after
{Heap after GC invocations=86 (full 0):
 garbage-first heap   total 227328K, used 170667K [0x0000000080000000, 0x0000000100000000)
  region size 1024K, 4 young (4096K), 4 survivors (4096K)
 Metaspace       used 144058K, capacity 148251K, committed 150052K, reserved 1179648K
  class space    used 18332K, capacity 19855K, committed 20392K, reserved 1048576K
}
Event: 7027.828 GC heap before
{Heap before GC invocations=86 (full 0):
 garbage-first heap   total 227328K, used 185003K [0x0000000080000000, 0x0000000100000000)
  region size 1024K, 19 young (19456K), 4 survivors (4096K)
 Metaspace       used 144141K, capacity 148315K, committed 150052K, reserved 1179648K
  class space    used 18332K, capacity 19855K, committed 20392K, reserved 1048576K
}
Event: 7027.836 GC heap after
{Heap after GC invocations=87 (full 0):
 garbage-first heap   total 227328K, used 176128K [0x0000000080000000, 0x0000000100000000)
  region size 1024K, 3 young (3072K), 3 survivors (3072K)
 Metaspace       used 144141K, capacity 148315K, committed 150052K, reserved 1179648K
  class space    used 18332K, capacity 19855K, committed 20392K, reserved 1048576K
}
Event: 7027.992 GC heap before
{Heap before GC invocations=87 (full 0):
 garbage-first heap   total 227328K, used 190464K [0x0000000080000000, 0x0000000100000000)
  region size 1024K, 17 young (17408K), 3 survivors (3072K)
 Metaspace       used 144261K, capacity 148446K, committed 150308K, reserved 1179648K
  class space    used 18338K, capacity 19856K, committed 20392K, reserved 1048576K
}
Event: 7027.997 GC heap after
{Heap after GC invocations=88 (full 0):
 garbage-first heap   total 227328K, used 177932K [0x0000000080000000, 0x0000000100000000)
  region size 1024K, 2 young (2048K), 2 survivors (2048K)
 Metaspace       used 144261K, capacity 148446K, committed 150308K, reserved 1179648K
  class space    used 18338K, capacity 19856K, committed 20392K, reserved 1048576K
}
Event: 7028.120 GC heap before
{Heap before GC invocations=88 (full 0):
 garbage-first heap   total 227328K, used 190220K [0x0000000080000000, 0x0000000100000000)
  region size 1024K, 12 young (12288K), 2 survivors (2048K)
 Metaspace       used 144459K, capacity 148670K, committed 150308K, reserved 1179648K
  class space    used 18352K, capacity 19888K, committed 20392K, reserved 1048576K
}
Event: 7028.127 GC heap after
{Heap after GC invocations=89 (full 0):
 garbage-first heap   total 227328K, used 180489K [0x0000000080000000, 0x0000000100000000)
  region size 1024K, 2 young (2048K), 2 survivors (2048K)
 Metaspace       used 144459K, capacity 148670K, committed 150308K, reserved 1179648K
  class space    used 18352K, capacity 19888K, committed 20392K, reserved 1048576K
}
Event: 7028.502 GC heap before
{Heap before GC invocations=90 (full 0):
 garbage-first heap   total 227328K, used 196873K [0x0000000080000000, 0x0000000100000000)
  region size 1024K, 14 young (14336K), 2 survivors (2048K)
 Metaspace       used 144512K, capacity 148734K, committed 150564K, reserved 1179648K
  class space    used 18354K, capacity 19888K, committed 20392K, reserved 1048576K
}

