# JRE version: OpenJDK Runtime Environment (11.0.11+9) (build 11.0.11+9-b60-7590822)
# Java VM: OpenJDK 64-Bit Server VM (11.0.11+9-b60-7590822, mixed mode, tiered, compressed oops, g1 gc, windows-amd64)
Heap:
 garbage-first heap   total 576512K, used 165991K [0x0000000080000000, 0x0000000100000000)
  region size 1024K, 6 young (6144K), 6 survivors (6144K)
 Metaspace       used 119024K, capacity 121761K, committed 122460K, reserved 1157120K
  class space    used 14834K, capacity 15901K, committed 16128K, reserved 1048576K
GC Heap History (20 events):
Event: 22.830 GC heap after
{Heap after GC invocations=41 (full 0):
 garbage-first heap   total 227328K, used 126976K [0x0000000080000000, 0x0000000100000000)
  region size 1024K, 10 young (10240K), 10 survivors (10240K)
 Metaspace       used 118564K, capacity 121301K, committed 121948K, reserved 1157120K
  class space    used 14785K, capacity 15837K, committed 16128K, reserved 1048576K
}
Event: 23.012 GC heap before
{Heap before GC invocations=42 (full 0):
 garbage-first heap   total 227328K, used 184319K [0x0000000080000000, 0x0000000100000000)
  region size 1024K, 67 young (68608K), 10 survivors (10240K)
 Metaspace       used 118755K, capacity 121519K, committed 122204K, reserved 1157120K
  class space    used 14813K, capacity 15887K, committed 16128K, reserved 1048576K
}
Event: 23.023 GC heap after
{Heap after GC invocations=43 (full 0):
 garbage-first heap   total 273408K, used 129918K [0x0000000080000000, 0x0000000100000000)
  region size 1024K, 3 young (3072K), 3 survivors (3072K)
 Metaspace       used 118755K, capacity 121519K, committed 122204K, reserved 1157120K
  class space    used 14813K, capacity 15887K, committed 16128K, reserved 1048576K
}
Event: 23.046 GC heap before
{Heap before GC invocations=43 (full 0):
 garbage-first heap   total 273408K, used 139134K [0x0000000080000000, 0x0000000100000000)
  region size 1024K, 13 young (13312K), 3 survivors (3072K)
 Metaspace       used 118757K, capacity 121519K, committed 122204K, reserved 1157120K
  class space    used 14813K, capacity 15887K, committed 16128K, reserved 1048576K
}
Event: 23.051 GC heap after
{Heap after GC invocations=44 (full 0):
 garbage-first heap   total 273408K, used 130912K [0x0000000080000000, 0x0000000100000000)
  region size 1024K, 2 young (2048K), 2 survivors (2048K)
 Metaspace       used 118757K, capacity 121519K, committed 122204K, reserved 1157120K
  class space    used 14813K, capacity 15887K, committed 16128K, reserved 1048576K
}
Event: 23.232 GC heap before
{Heap before GC invocations=44 (full 0):
 garbage-first heap   total 273408K, used 206688K [0x0000000080000000, 0x0000000100000000)
  region size 1024K, 76 young (77824K), 2 survivors (2048K)
 Metaspace       used 118804K, capacity 121587K, committed 122204K, reserved 1157120K
  class space    used 14813K, capacity 15887K, committed 16128K, reserved 1048576K
}
Event: 23.240 GC heap after
{Heap after GC invocations=45 (full 0):
 garbage-first heap   total 273408K, used 138022K [0x0000000080000000, 0x0000000100000000)
  region size 1024K, 9 young (9216K), 9 survivors (9216K)
 Metaspace       used 118804K, capacity 121587K, committed 122204K, reserved 1157120K
  class space    used 14813K, capacity 15887K, committed 16128K, reserved 1048576K
}
Event: 23.394 GC heap before
{Heap before GC invocations=45 (full 0):
 garbage-first heap   total 273408K, used 212774K [0x0000000080000000, 0x0000000100000000)
  region size 1024K, 82 young (83968K), 9 survivors (9216K)
 Metaspace       used 118858K, capacity 121601K, committed 122204K, reserved 1157120K
  class space    used 14816K, capacity 15892K, committed 16128K, reserved 1048576K
}
Event: 23.403 GC heap after
{Heap after GC invocations=46 (full 0):
 garbage-first heap   total 273408K, used 141159K [0x0000000080000000, 0x0000000100000000)
  region size 1024K, 4 young (4096K), 4 survivors (4096K)
 Metaspace       used 118858K, capacity 121601K, committed 122204K, reserved 1157120K
  class space    used 14816K, capacity 15892K, committed 16128K, reserved 1048576K
}
Event: 23.584 GC heap before
{Heap before GC invocations=46 (full 0):
 garbage-first heap   total 273408K, used 214887K [0x0000000080000000, 0x0000000100000000)
  region size 1024K, 77 young (78848K), 4 survivors (4096K)
 Metaspace       used 118880K, capacity 121612K, committed 122204K, reserved 1157120K
  class space    used 14819K, capacity 15896K, committed 16128K, reserved 1048576K
}
Event: 23.588 GC heap after
{Heap after GC invocations=47 (full 0):
 garbage-first heap   total 273408K, used 141388K [0x0000000080000000, 0x0000000100000000)
  region size 1024K, 5 young (5120K), 5 survivors (5120K)
 Metaspace       used 118880K, capacity 121612K, committed 122204K, reserved 1157120K
  class space    used 14819K, capacity 15896K, committed 16128K, reserved 1048576K
}
Event: 23.716 GC heap before
{Heap before GC invocations=47 (full 0):
 garbage-first heap   total 273408K, used 217164K [0x0000000080000000, 0x0000000100000000)
  region size 1024K, 80 young (81920K), 5 survivors (5120K)
 Metaspace       used 118893K, capacity 121676K, committed 122204K, reserved 1157120K
  class space    used 14819K, capacity 15896K, committed 16128K, reserved 1048576K
}
Event: 23.726 GC heap after
{Heap after GC invocations=48 (full 0):
 garbage-first heap   total 328704K, used 148207K [0x0000000080000000, 0x0000000100000000)
  region size 1024K, 10 young (10240K), 10 survivors (10240K)
 Metaspace       used 118893K, capacity 121676K, committed 122204K, reserved 1157120K
  class space    used 14819K, capacity 15896K, committed 16128K, reserved 1048576K
}
Event: 23.912 GC heap before
{Heap before GC invocations=48 (full 0):
 garbage-first heap   total 328704K, used 243439K [0x0000000080000000, 0x0000000100000000)
  region size 1024K, 104 young (106496K), 10 survivors (10240K)
 Metaspace       used 118944K, capacity 121681K, committed 122204K, reserved 1157120K
  class space    used 14820K, capacity 15897K, committed 16128K, reserved 1048576K
}
Event: 23.925 GC heap after
{Heap after GC invocations=49 (full 0):
 garbage-first heap   total 328704K, used 153864K [0x0000000080000000, 0x0000000100000000)
  region size 1024K, 12 young (12288K), 12 survivors (12288K)
 Metaspace       used 118944K, capacity 121681K, committed 122204K, reserved 1157120K
  class space    used 14820K, capacity 15897K, committed 16128K, reserved 1048576K
}
Event: 24.093 GC heap before
{Heap before GC invocations=49 (full 0):
 garbage-first heap   total 328704K, used 250120K [0x0000000080000000, 0x0000000100000000)
  region size 1024K, 106 young (108544K), 12 survivors (12288K)
 Metaspace       used 118994K, capacity 121747K, committed 122460K, reserved 1157120K
  class space    used 14832K, capacity 15897K, committed 16128K, reserved 1048576K
}
Event: 24.115 GC heap after
{Heap after GC invocations=50 (full 0):
 garbage-first heap   total 328704K, used 161938K [0x0000000080000000, 0x0000000100000000)
  region size 1024K, 9 young (9216K), 9 survivors (9216K)
 Metaspace       used 118994K, capacity 121747K, committed 122460K, reserved 1157120K
  class space    used 14832K, capacity 15897K, committed 16128K, reserved 1048576K
}
Event: 24.305 GC heap before
{Heap before GC invocations=50 (full 0):
 garbage-first heap   total 328704K, used 257170K [0x0000000080000000, 0x0000000100000000)
  region size 1024K, 102 young (104448K), 9 survivors (9216K)
 Metaspace       used 119006K, capacity 121748K, committed 122460K, reserved 1157120K
  class space    used 14832K, capacity 15897K, committed 16128K, reserved 1048576K
}
Event: 24.320 GC heap after
{Heap after GC invocations=51 (full 0):
 garbage-first heap   total 328704K, used 166159K [0x0000000080000000, 0x0000000100000000)
  region size 1024K, 6 young (6144K), 6 survivors (6144K)
 Metaspace       used 119006K, capacity 121748K, committed 122460K, reserved 1157120K
  class space    used 14832K, capacity 15897K, committed 16128K, reserved 1048576K
}
Event: 24.477 GC heap before
{Heap before GC invocations=51 (full 0):
 garbage-first heap   total 328704K, used 261391K [0x0000000080000000, 0x0000000100000000)
  region size 1024K, 99 young (101376K), 6 survivors (6144K)
 Metaspace       used 119024K, capacity 121761K, committed 122460K, reserved 1157120K
  class space    used 14834K, capacity 15901K, committed 16128K, reserved 1048576K
}

