# JRE version: OpenJDK Runtime Environment (11.0.11+9) (build 11.0.11+9-b60-7590822)
# Java VM: OpenJDK 64-Bit Server VM (11.0.11+9-b60-7590822, mixed mode, tiered, compressed oops, g1 gc, windows-amd64)
Heap:
 garbage-first heap   total 273408K, used 157270K [0x0000000080000000, 0x0000000100000000)
  region size 1024K, 2 young (2048K), 2 survivors (2048K)
 Metaspace       used 136657K, capacity 139981K, committed 140356K, reserved 1171456K
  class space    used 16726K, capacity 17960K, committed 18048K, reserved 1048576K
GC Heap History (20 events):
Event: 106.495 GC heap after
{Heap after GC invocations=47 (full 0):
 garbage-first heap   total 227328K, used 170766K [0x0000000080000000, 0x0000000100000000)
  region size 1024K, 1 young (1024K), 1 survivors (1024K)
 Metaspace       used 130520K, capacity 133836K, committed 133956K, reserved 1165312K
  class space    used 16241K, capacity 17426K, committed 17536K, reserved 1048576K
}
Event: 106.764 GC heap before
{Heap before GC invocations=47 (full 0):
 garbage-first heap   total 227328K, used 192270K [0x0000000080000000, 0x0000000100000000)
  region size 1024K, 22 young (22528K), 1 survivors (1024K)
 Metaspace       used 131239K, capacity 134547K, committed 134724K, reserved 1167360K
  class space    used 16311K, capacity 17492K, committed 17536K, reserved 1048576K
}
Event: 106.768 GC heap after
{Heap after GC invocations=48 (full 0):
 garbage-first heap   total 227328K, used 170843K [0x0000000080000000, 0x0000000100000000)
  region size 1024K, 1 young (1024K), 1 survivors (1024K)
 Metaspace       used 131239K, capacity 134547K, committed 134724K, reserved 1167360K
  class space    used 16311K, capacity 17492K, committed 17536K, reserved 1048576K
}
Event: 107.264 GC heap before
{Heap before GC invocations=49 (full 0):
 garbage-first heap   total 227328K, used 193371K [0x0000000080000000, 0x0000000100000000)
  region size 1024K, 23 young (23552K), 1 survivors (1024K)
 Metaspace       used 131245K, capacity 134547K, committed 134724K, reserved 1167360K
  class space    used 16311K, capacity 17492K, committed 17536K, reserved 1048576K
}
Event: 107.267 GC heap after
{Heap after GC invocations=50 (full 0):
 garbage-first heap   total 227328K, used 170778K [0x0000000080000000, 0x0000000100000000)
  region size 1024K, 1 young (1024K), 1 survivors (1024K)
 Metaspace       used 131245K, capacity 134547K, committed 134724K, reserved 1167360K
  class space    used 16311K, capacity 17492K, committed 17536K, reserved 1048576K
}
Event: 107.286 GC heap before
{Heap before GC invocations=50 (full 0):
 garbage-first heap   total 227328K, used 181018K [0x0000000080000000, 0x0000000100000000)
  region size 1024K, 11 young (11264K), 1 survivors (1024K)
 Metaspace       used 131246K, capacity 134547K, committed 134724K, reserved 1167360K
  class space    used 16311K, capacity 17492K, committed 17536K, reserved 1048576K
}
Event: 107.288 GC heap after
{Heap after GC invocations=51 (full 0):
 garbage-first heap   total 227328K, used 170489K [0x0000000080000000, 0x0000000100000000)
  region size 1024K, 1 young (1024K), 1 survivors (1024K)
 Metaspace       used 131246K, capacity 134547K, committed 134724K, reserved 1167360K
  class space    used 16311K, capacity 17492K, committed 17536K, reserved 1048576K
}
Event: 107.632 GC heap before
{Heap before GC invocations=51 (full 0):
 garbage-first heap   total 227328K, used 208377K [0x0000000080000000, 0x0000000100000000)
  region size 1024K, 24 young (24576K), 1 survivors (1024K)
 Metaspace       used 131538K, capacity 134819K, committed 134980K, reserved 1167360K
  class space    used 16334K, capacity 17533K, committed 17536K, reserved 1048576K
}
Event: 107.635 GC heap after
{Heap after GC invocations=52 (full 0):
 garbage-first heap   total 227328K, used 170915K [0x0000000080000000, 0x0000000100000000)
  region size 1024K, 2 young (2048K), 2 survivors (2048K)
 Metaspace       used 131538K, capacity 134819K, committed 134980K, reserved 1167360K
  class space    used 16334K, capacity 17533K, committed 17536K, reserved 1048576K
}
Event: 107.989 GC heap before
{Heap before GC invocations=52 (full 0):
 garbage-first heap   total 227328K, used 193443K [0x0000000080000000, 0x0000000100000000)
  region size 1024K, 25 young (25600K), 2 survivors (2048K)
 Metaspace       used 132490K, capacity 135821K, committed 136132K, reserved 1167360K
  class space    used 16420K, capacity 17606K, committed 17664K, reserved 1048576K
}
Event: 107.995 GC heap after
{Heap after GC invocations=53 (full 0):
 garbage-first heap   total 227328K, used 173639K [0x0000000080000000, 0x0000000100000000)
  region size 1024K, 4 young (4096K), 4 survivors (4096K)
 Metaspace       used 132490K, capacity 135821K, committed 136132K, reserved 1167360K
  class space    used 16420K, capacity 17606K, committed 17664K, reserved 1048576K
}
Event: 108.360 GC heap before
{Heap before GC invocations=54 (full 0):
 garbage-first heap   total 227328K, used 195143K [0x0000000080000000, 0x0000000100000000)
  region size 1024K, 26 young (26624K), 4 survivors (4096K)
 Metaspace       used 135367K, capacity 138730K, committed 138948K, reserved 1171456K
  class space    used 16652K, capacity 17863K, committed 17920K, reserved 1048576K
}
Event: 108.372 GC heap after
{Heap after GC invocations=55 (full 0):
 garbage-first heap   total 227328K, used 177158K [0x0000000080000000, 0x0000000100000000)
  region size 1024K, 4 young (4096K), 4 survivors (4096K)
 Metaspace       used 135367K, capacity 138730K, committed 138948K, reserved 1171456K
  class space    used 16652K, capacity 17863K, committed 17920K, reserved 1048576K
}
Event: 108.588 GC heap before
{Heap before GC invocations=55 (full 0):
 garbage-first heap   total 227328K, used 196614K [0x0000000080000000, 0x0000000100000000)
  region size 1024K, 23 young (23552K), 4 survivors (4096K)
 Metaspace       used 135899K, capacity 139210K, committed 139460K, reserved 1171456K
  class space    used 16675K, capacity 17895K, committed 17920K, reserved 1048576K
}
Event: 108.596 GC heap after
{Heap after GC invocations=56 (full 0):
 garbage-first heap   total 227328K, used 181749K [0x0000000080000000, 0x0000000100000000)
  region size 1024K, 3 young (3072K), 3 survivors (3072K)
 Metaspace       used 135899K, capacity 139210K, committed 139460K, reserved 1171456K
  class space    used 16675K, capacity 17895K, committed 17920K, reserved 1048576K
}
Event: 109.049 GC heap before
{Heap before GC invocations=57 (full 0):
 garbage-first heap   total 227328K, used 188917K [0x0000000080000000, 0x0000000100000000)
  region size 1024K, 17 young (17408K), 3 survivors (3072K)
 Metaspace       used 136044K, capacity 139338K, committed 139460K, reserved 1171456K
  class space    used 16684K, capacity 17895K, committed 17920K, reserved 1048576K
}
Event: 109.055 GC heap after
{Heap after GC invocations=58 (full 0):
 garbage-first heap   total 227328K, used 174783K [0x0000000080000000, 0x0000000100000000)
  region size 1024K, 2 young (2048K), 2 survivors (2048K)
 Metaspace       used 136044K, capacity 139338K, committed 139460K, reserved 1171456K
  class space    used 16684K, capacity 17895K, committed 17920K, reserved 1048576K
}
Event: 109.208 GC heap before
{Heap before GC invocations=58 (full 0):
 garbage-first heap   total 227328K, used 183999K [0x0000000080000000, 0x0000000100000000)
  region size 1024K, 11 young (11264K), 2 survivors (2048K)
 Metaspace       used 136070K, capacity 139402K, committed 139716K, reserved 1171456K
  class space    used 16684K, capacity 17895K, committed 17920K, reserved 1048576K
}
Event: 109.215 GC heap after
{Heap after GC invocations=59 (full 0):
 garbage-first heap   total 227328K, used 157135K [0x0000000080000000, 0x0000000100000000)
  region size 1024K, 2 young (2048K), 2 survivors (2048K)
 Metaspace       used 136070K, capacity 139402K, committed 139716K, reserved 1171456K
  class space    used 16684K, capacity 17895K, committed 17920K, reserved 1048576K
}
Event: 109.951 GC heap before
{Heap before GC invocations=59 (full 0):
 garbage-first heap   total 227328K, used 185807K [0x0000000080000000, 0x0000000100000000)
  region size 1024K, 31 young (31744K), 2 survivors (2048K)
 Metaspace       used 136657K, capacity 139981K, committed 140356K, reserved 1171456K
  class space    used 16726K, capacity 17960K, committed 18048K, reserved 1048576K
}

