# JRE version: OpenJDK Runtime Environment (11.0.11+9) (build 11.0.11+9-b60-7590822)
# Java VM: OpenJDK 64-Bit Server VM (11.0.11+9-b60-7590822, mixed mode, tiered, compressed oops, g1 gc, windows-amd64)
Heap:
 garbage-first heap   total 490496K, used 289524K [0x0000000080000000, 0x0000000100000000)
  region size 1024K, 114 young (116736K), 7 survivors (7168K)
 Metaspace       used 119414K, capacity 122234K, committed 122788K, reserved 1155072K
  class space    used 14939K, capacity 16006K, committed 16332K, reserved 1048576K
GC Heap History (20 events):
Event: 17.863 GC heap before
{Heap before GC invocations=35 (full 0):
 garbage-first heap   total 273408K, used 220096K [0x0000000080000000, 0x0000000100000000)
  region size 1024K, 79 young (80896K), 7 survivors (7168K)
 Metaspace       used 118671K, capacity 121415K, committed 122532K, reserved 1155072K
  class space    used 14849K, capacity 15898K, committed 16332K, reserved 1048576K
}
Event: 17.877 GC heap after
{Heap after GC invocations=36 (full 0):
 garbage-first heap   total 273408K, used 151911K [0x0000000080000000, 0x0000000100000000)
  region size 1024K, 7 young (7168K), 7 survivors (7168K)
 Metaspace       used 118671K, capacity 121415K, committed 122532K, reserved 1155072K
  class space    used 14849K, capacity 15898K, committed 16332K, reserved 1048576K
}
Event: 18.019 GC heap before
{Heap before GC invocations=37 (full 0):
 garbage-first heap   total 273408K, used 223591K [0x0000000080000000, 0x0000000100000000)
  region size 1024K, 77 young (78848K), 7 survivors (7168K)
 Metaspace       used 118682K, capacity 121415K, committed 122532K, reserved 1155072K
  class space    used 14849K, capacity 15898K, committed 16332K, reserved 1048576K
}
Event: 18.037 GC heap after
{Heap after GC invocations=38 (full 0):
 garbage-first heap   total 328704K, used 157858K [0x0000000080000000, 0x0000000100000000)
  region size 1024K, 7 young (7168K), 7 survivors (7168K)
 Metaspace       used 118682K, capacity 121415K, committed 122532K, reserved 1155072K
  class space    used 14849K, capacity 15898K, committed 16332K, reserved 1048576K
}
Event: 18.063 GC heap before
{Heap before GC invocations=38 (full 0):
 garbage-first heap   total 328704K, used 167074K [0x0000000080000000, 0x0000000100000000)
  region size 1024K, 16 young (16384K), 7 survivors (7168K)
 Metaspace       used 118701K, capacity 121415K, committed 122532K, reserved 1155072K
  class space    used 14855K, capacity 15898K, committed 16332K, reserved 1048576K
}
Event: 18.073 GC heap after
{Heap after GC invocations=39 (full 0):
 garbage-first heap   total 328704K, used 155953K [0x0000000080000000, 0x0000000100000000)
  region size 1024K, 2 young (2048K), 2 survivors (2048K)
 Metaspace       used 118701K, capacity 121415K, committed 122532K, reserved 1155072K
  class space    used 14855K, capacity 15898K, committed 16332K, reserved 1048576K
}
Event: 18.548 GC heap before
{Heap before GC invocations=39 (full 0):
 garbage-first heap   total 328704K, used 250161K [0x0000000080000000, 0x0000000100000000)
  region size 1024K, 94 young (96256K), 2 survivors (2048K)
 Metaspace       used 118718K, capacity 121423K, committed 122532K, reserved 1155072K
  class space    used 14856K, capacity 15900K, committed 16332K, reserved 1048576K
}
Event: 18.560 GC heap after
{Heap after GC invocations=40 (full 0):
 garbage-first heap   total 328704K, used 160683K [0x0000000080000000, 0x0000000100000000)
  region size 1024K, 6 young (6144K), 6 survivors (6144K)
 Metaspace       used 118718K, capacity 121423K, committed 122532K, reserved 1155072K
  class space    used 14856K, capacity 15900K, committed 16332K, reserved 1048576K
}
Event: 19.287 GC heap before
{Heap before GC invocations=41 (full 0):
 garbage-first heap   total 328704K, used 255915K [0x0000000080000000, 0x0000000100000000)
  region size 1024K, 99 young (101376K), 6 survivors (6144K)
 Metaspace       used 118751K, capacity 121495K, committed 122532K, reserved 1155072K
  class space    used 14856K, capacity 15901K, committed 16332K, reserved 1048576K
}
Event: 19.298 GC heap after
{Heap after GC invocations=42 (full 0):
 garbage-first heap   total 328704K, used 166598K [0x0000000080000000, 0x0000000100000000)
  region size 1024K, 12 young (12288K), 12 survivors (12288K)
 Metaspace       used 118751K, capacity 121495K, committed 122532K, reserved 1155072K
  class space    used 14856K, capacity 15901K, committed 16332K, reserved 1048576K
}
Event: 19.316 GC heap before
{Heap before GC invocations=42 (full 0):
 garbage-first heap   total 328704K, used 170694K [0x0000000080000000, 0x0000000100000000)
  region size 1024K, 16 young (16384K), 12 survivors (12288K)
 Metaspace       used 118752K, capacity 121495K, committed 122532K, reserved 1155072K
  class space    used 14856K, capacity 15901K, committed 16332K, reserved 1048576K
}
Event: 19.332 GC heap after
{Heap after GC invocations=43 (full 0):
 garbage-first heap   total 398336K, used 164677K [0x0000000080000000, 0x0000000100000000)
  region size 1024K, 2 young (2048K), 2 survivors (2048K)
 Metaspace       used 118752K, capacity 121495K, committed 122532K, reserved 1155072K
  class space    used 14856K, capacity 15901K, committed 16332K, reserved 1048576K
}
Event: 19.850 GC heap before
{Heap before GC invocations=43 (full 0):
 garbage-first heap   total 398336K, used 287557K [0x0000000080000000, 0x0000000100000000)
  region size 1024K, 122 young (124928K), 2 survivors (2048K)
 Metaspace       used 119247K, capacity 122053K, committed 122788K, reserved 1155072K
  class space    used 14926K, capacity 15989K, committed 16332K, reserved 1048576K
}
Event: 19.863 GC heap after
{Heap after GC invocations=44 (full 0):
 garbage-first heap   total 398336K, used 168252K [0x0000000080000000, 0x0000000100000000)
  region size 1024K, 5 young (5120K), 5 survivors (5120K)
 Metaspace       used 119247K, capacity 122053K, committed 122788K, reserved 1155072K
  class space    used 14926K, capacity 15989K, committed 16332K, reserved 1048576K
}
Event: 20.171 GC heap before
{Heap before GC invocations=44 (full 0):
 garbage-first heap   total 398336K, used 316732K [0x0000000080000000, 0x0000000100000000)
  region size 1024K, 150 young (153600K), 5 survivors (5120K)
 Metaspace       used 119309K, capacity 122121K, committed 122788K, reserved 1155072K
  class space    used 14929K, capacity 15989K, committed 16332K, reserved 1048576K
}
Event: 20.182 GC heap after
{Heap after GC invocations=45 (full 0):
 garbage-first heap   total 398336K, used 175882K [0x0000000080000000, 0x0000000100000000)
  region size 1024K, 13 young (13312K), 13 survivors (13312K)
 Metaspace       used 119309K, capacity 122121K, committed 122788K, reserved 1155072K
  class space    used 14929K, capacity 15989K, committed 16332K, reserved 1048576K
}
Event: 20.447 GC heap before
{Heap before GC invocations=45 (full 0):
 garbage-first heap   total 398336K, used 320266K [0x0000000080000000, 0x0000000100000000)
  region size 1024K, 155 young (158720K), 13 survivors (13312K)
 Metaspace       used 119330K, capacity 122123K, committed 122788K, reserved 1155072K
  class space    used 14929K, capacity 15989K, committed 16332K, reserved 1048576K
}
Event: 20.466 GC heap after
{Heap after GC invocations=46 (full 0):
 garbage-first heap   total 398336K, used 180782K [0x0000000080000000, 0x0000000100000000)
  region size 1024K, 13 young (13312K), 13 survivors (13312K)
 Metaspace       used 119330K, capacity 122123K, committed 122788K, reserved 1155072K
  class space    used 14929K, capacity 15989K, committed 16332K, reserved 1048576K
}
Event: 21.048 GC heap before
{Heap before GC invocations=46 (full 0):
 garbage-first heap   total 398336K, used 326190K [0x0000000080000000, 0x0000000100000000)
  region size 1024K, 155 young (158720K), 13 survivors (13312K)
 Metaspace       used 119386K, capacity 122161K, committed 122788K, reserved 1155072K
  class space    used 14937K, capacity 16003K, committed 16332K, reserved 1048576K
}
Event: 21.063 GC heap after
{Heap after GC invocations=47 (full 0):
 garbage-first heap   total 490496K, used 180980K [0x0000000080000000, 0x0000000100000000)
  region size 1024K, 7 young (7168K), 7 survivors (7168K)
 Metaspace       used 119386K, capacity 122161K, committed 122788K, reserved 1155072K
  class space    used 14937K, capacity 16003K, committed 16332K, reserved 1048576K
}

